<?xml version="1.0" encoding="UTF-8"?>
<testng-results ignored="0" total="1" passed="1" failed="0" skipped="0">
  <reporter-output>
  </reporter-output>
  <suite started-at="2023-01-17T23:10:17 SGT" name="Default suite" finished-at="2023-01-17T23:10:36 SGT" duration-ms="18320">
    <groups>
      <group name="cucumber">
        <method signature="AbstractTestNGCucumberTests.runScenario(io.cucumber.testng.PickleWrapper, io.cucumber.testng.FeatureWrapper)[pri:0, instance:cucumber.ExecutionRunner@212b5695]" name="runScenario" class="io.cucumber.testng.AbstractTestNGCucumberTests"/>
      </group> <!-- cucumber -->
    </groups>
    <test started-at="2023-01-17T23:10:17 SGT" name="Default test" finished-at="2023-01-17T23:10:36 SGT" duration-ms="18320">
      <class name="cucumber.ExecutionRunner">
        <test-method is-config="true" signature="setUpClass(org.testng.ITestContext)[pri:0, instance:cucumber.ExecutionRunner@212b5695]" started-at="2023-01-17T23:10:17 SGT" name="setUpClass" finished-at="2023-01-17T23:10:19 SGT" duration-ms="1257" status="PASS">
          <params>
            <param index="0">
              <value>
                <![CDATA[org.testng.TestRunner@77dba4cd]]>
              </value>
            </param>
          </params>
          <reporter-output>
          </reporter-output>
        </test-method> <!-- setUpClass -->
        <test-method signature="runScenario(io.cucumber.testng.PickleWrapper, io.cucumber.testng.FeatureWrapper)[pri:0, instance:cucumber.ExecutionRunner@212b5695]" started-at="2023-01-17T23:10:19 SGT" name="runScenario" description="Runs Cucumber Scenarios" data-provider="scenarios" finished-at="2023-01-17T23:10:35 SGT" duration-ms="16933" status="PASS">
          <params>
            <param index="0">
              <value>
                <![CDATA["Browse back to previous page"]]>
              </value>
            </param>
            <param index="1">
              <value>
                <![CDATA["Open Cart application End to End flow"]]>
              </value>
            </param>
          </params>
          <reporter-output>
          </reporter-output>
        </test-method> <!-- runScenario -->
        <test-method is-config="true" signature="tearDownClass()[pri:0, instance:cucumber.ExecutionRunner@212b5695]" started-at="2023-01-17T23:10:35 SGT" name="tearDownClass" finished-at="2023-01-17T23:10:36 SGT" duration-ms="74" status="PASS">
          <reporter-output>
          </reporter-output>
        </test-method> <!-- tearDownClass -->
      </class> <!-- cucumber.ExecutionRunner -->
    </test> <!-- Default test -->
  </suite> <!-- Default suite -->
</testng-results>
